d:\file c++\bymeproject\bymeproject\x64\release\vc143.pdb
d:\file c++\bymeproject\bymeproject\x64\release\.netframework,version=v4.8.assemblyattributes.obj
d:\file c++\bymeproject\bymeproject\x64\release\myform1.obj
d:\file c++\bymeproject\x64\release\bymeproject.exe
d:\file c++\bymeproject\x64\release\bymeproject.pdb
d:\file c++\bymeproject\bymeproject\x64\release\bymeproject.res
d:\file c++\bymeproject\bymeproject\x64\release\bymeproject.tlog\cl.command.1.tlog
d:\file c++\bymeproject\bymeproject\x64\release\bymeproject.tlog\cl.read.1.tlog
d:\file c++\bymeproject\bymeproject\x64\release\bymeproject.tlog\cl.write.1.tlog
d:\file c++\bymeproject\bymeproject\x64\release\bymeproject.tlog\link.command.1.tlog
d:\file c++\bymeproject\bymeproject\x64\release\bymeproject.tlog\link.read.1.tlog
d:\file c++\bymeproject\bymeproject\x64\release\bymeproject.tlog\link.write.1.tlog
d:\file c++\bymeproject\bymeproject\x64\release\bymeproject.tlog\metagen.read.1.tlog
d:\file c++\bymeproject\bymeproject\x64\release\bymeproject.tlog\metagen.write.1.tlog
d:\file c++\bymeproject\bymeproject\x64\release\bymeproject.tlog\rc.command.1.tlog
d:\file c++\bymeproject\bymeproject\x64\release\bymeproject.tlog\rc.read.1.tlog
d:\file c++\bymeproject\bymeproject\x64\release\bymeproject.tlog\rc.write.1.tlog
d:\file c++\bymeproject\bymeproject\x64\release\bymeproject.tlog\resgen.command.1.tlog
d:\file c++\bymeproject\bymeproject\x64\release\bymeproject.tlog\resgen.read.1.tlog
d:\file c++\bymeproject\bymeproject\x64\release\bymeproject.tlog\resgen.write.1.tlog
